Running: C:\Xilinx\14.7\ISE_DS\ISE\bin\nt64\unwrapped\fuse.exe -intstyle ise -incremental -o E:/Uni/term7/FPGA/Project/FPGA_FINAL_PROJECT/GaussianFilterTestBench_isim_beh.exe -prj E:/Uni/term7/FPGA/Project/FPGA_FINAL_PROJECT/GaussianFilterTestBench_beh.prj work.GaussianFilterTestBench 
ISim P.20131013 (signature 0x7708f090)
Number of CPUs detected in this system: 4
Turning on mult-threading, number of parallel sub-compilation jobs: 8 
Determining compilation order of HDL files
Parsing VHDL file "E:/Uni/term7/FPGA/Project/FPGA_FINAL_PROJECT/GaussianFilter.vhd" into library work
Parsing VHDL file "E:/Uni/term7/FPGA/Project/FPGA_FINAL_PROJECT/GaussianFilterTestBench.vhd" into library work
Starting static elaboration
Completed static elaboration
Compiling package standard
Compiling package std_logic_1164
Compiling package numeric_std
Compiling package std_logic_arith
Compiling package std_logic_unsigned
Compiling package textio
Compiling package std_logic_textio
Compiling architecture behavioral of entity GaussianFilter [gaussianfilter_default]
Compiling architecture behavior of entity gaussianfiltertestbench
Time Resolution for simulation is 1ps.
Waiting for 1 sub-compilation(s) to finish...
Compiled 10 VHDL Units
Built simulation executable E:/Uni/term7/FPGA/Project/FPGA_FINAL_PROJECT/GaussianFilterTestBench_isim_beh.exe
Fuse Memory Usage: 53860 KB
Fuse CPU Usage: 843 ms
